This is pdfTeX, Version 3.141592653-2.6-1.40.22 (MiKTeX 21.3) (preloaded format=pdflatex 2021.3.31)  3 AUG 2021 20:03
entering extended mode
**./Report.tex
(Report.tex
LaTeX2e <2020-10-01> patch level 4
L3 programming layer <2021-02-18>
(C:\Users\aruns\AppData\Local\Programs\MiKTeX\tex/latex/extsizes\extarticle.cls
Document Class: extarticle 1996/10/08 v1.0 Non Standard LaTeX document class
(C:\Users\aruns\AppData\Local\Programs\MiKTeX\tex/latex/base\size12.clo
File: size12.clo 2020/04/10 v1.4m Standard LaTeX file (size option)
)
(C:\Users\aruns\AppData\Local\Programs\MiKTeX\tex/latex/base\exscale.sty
Package: exscale 2018/09/24 v2.1i Standard LaTeX package exscale
LaTeX Font Info:    Redeclaring symbol font `largesymbols' on input line 57.
LaTeX Font Info:    Overwriting symbol font `largesymbols' in version `normal'
(Font)                  OMX/cmex/m/n --> OMX/cmex/m/n on input line 57.
LaTeX Font Info:    Overwriting symbol font `largesymbols' in version `bold'
(Font)                  OMX/cmex/m/n --> OMX/cmex/m/n on input line 57.
\big@size=\dimen138
)
\c@part=\count179
\c@section=\count180
\c@subsection=\count181
\c@subsubsection=\count182
\c@paragraph=\count183
\c@subparagraph=\count184
\c@figure=\count185
\c@table=\count186
\abovecaptionskip=\skip47
\belowcaptionskip=\skip48
\bibindent=\dimen139
)
(C:\Users\aruns\AppData\Local\Programs\MiKTeX\tex/latex/amsmath\amsmath.sty
Package: amsmath 2020/09/23 v2.17i AMS math features
\@mathmargin=\skip49

For additional information on amsmath, use the `?' option.
(C:\Users\aruns\AppData\Local\Programs\MiKTeX\tex/latex/amsmath\amstext.sty
Package: amstext 2000/06/29 v2.01 AMS text

(C:\Users\aruns\AppData\Local\Programs\MiKTeX\tex/latex/amsmath\amsgen.sty
File: amsgen.sty 1999/11/30 v2.0 generic functions
\@emptytoks=\toks15
\ex@=\dimen140
))
(C:\Users\aruns\AppData\Local\Programs\MiKTeX\tex/latex/amsmath\amsbsy.sty
Package: amsbsy 1999/11/29 v1.2d Bold Symbols
\pmbraise@=\dimen141
)
(C:\Users\aruns\AppData\Local\Programs\MiKTeX\tex/latex/amsmath\amsopn.sty
Package: amsopn 2016/03/08 v2.02 operator names
)
\inf@bad=\count187
LaTeX Info: Redefining \frac on input line 234.
\uproot@=\count188
\leftroot@=\count189
LaTeX Info: Redefining \overline on input line 399.
\classnum@=\count190
\DOTSCASE@=\count191
LaTeX Info: Redefining \ldots on input line 496.
LaTeX Info: Redefining \dots on input line 499.
LaTeX Info: Redefining \cdots on input line 620.
\Mathstrutbox@=\box47
\strutbox@=\box48
\big@size=\dimen142
LaTeX Font Info:    Redeclaring font encoding OML on input line 743.
LaTeX Font Info:    Redeclaring font encoding OMS on input line 744.
\macc@depth=\count192
\c@MaxMatrixCols=\count193
\dotsspace@=\muskip16
\c@parentequation=\count194
\dspbrk@lvl=\count195
\tag@help=\toks16
\row@=\count196
\column@=\count197
\maxfields@=\count198
\andhelp@=\toks17
\eqnshift@=\dimen143
\alignsep@=\dimen144
\tagshift@=\dimen145
\tagwidth@=\dimen146
\totwidth@=\dimen147
\lineht@=\dimen148
\@envbody=\toks18
\multlinegap=\skip50
\multlinetaggap=\skip51
\mathdisplay@stack=\toks19
LaTeX Info: Redefining \[ on input line 2923.
LaTeX Info: Redefining \] on input line 2924.
)
(C:\Users\aruns\AppData\Local\Programs\MiKTeX\tex/latex/ncctools\nccmath.sty
Package: nccmath 2006/01/20 v1.3 Additional Math Commands (NCC)
\NCC@fracrulewidth=\dimen149
)
(C:\Users\aruns\AppData\Local\Programs\MiKTeX\tex/latex/amsfonts\amsfonts.sty
Package: amsfonts 2013/01/14 v3.01 Basic AMSFonts support
\symAMSa=\mathgroup4
\symAMSb=\mathgroup5
LaTeX Font Info:    Redeclaring math symbol \hbar on input line 98.
LaTeX Font Info:    Overwriting math alphabet `\mathfrak' in version `bold'
(Font)                  U/euf/m/n --> U/euf/b/n on input line 106.
)
(C:\Users\aruns\AppData\Local\Programs\MiKTeX\tex/latex/graphics\lscape.sty
Package: lscape 2020/05/28 v3.02 Landscape Pages (DPC)

(C:\Users\aruns\AppData\Local\Programs\MiKTeX\tex/latex/graphics\graphics.sty
Package: graphics 2020/08/30 v1.4c Standard LaTeX Graphics (DPC,SPQR)

(C:\Users\aruns\AppData\Local\Programs\MiKTeX\tex/latex/graphics\trig.sty
Package: trig 2016/01/03 v1.10 sin cos tan (DPC)
)
(C:\Users\aruns\AppData\Local\Programs\MiKTeX\tex/latex/graphics-cfg\graphics.c
fg
File: graphics.cfg 2016/06/04 v1.11 sample graphics configuration
)
Package graphics Info: Driver file: pdftex.def on input line 105.

(C:\Users\aruns\AppData\Local\Programs\MiKTeX\tex/latex/graphics-def\pdftex.def
File: pdftex.def 2020/10/05 v1.2a Graphics/color driver for pdftex
))) (C:\Users\aruns\AppData\Local\Programs\MiKTeX\tex/latex/base\inputenc.sty
Package: inputenc 2020/08/01 v1.3d Input encoding file
\inpenc@prehook=\toks20
\inpenc@posthook=\toks21
)
(C:\Users\aruns\AppData\Local\Programs\MiKTeX\tex/latex/titlepic\titlepic.sty
Package: titlepic 2017/03/14 1.2 Package to display a picture on the title page

)
(C:\Users\aruns\AppData\Local\Programs\MiKTeX\tex/latex/stackengine\stackengine
.sty
Package: stackengine 2017/02/13 v4.01\ Stacking text and objects in convenient 
ways

(C:\Users\aruns\AppData\Local\Programs\MiKTeX\tex/latex/etoolbox\etoolbox.sty
Package: etoolbox 2020/10/05 v2.5k e-TeX tools for LaTeX (JAW)
\etb@tempcnta=\count199
)
(C:\Users\aruns\AppData\Local\Programs\MiKTeX\tex/latex/listofitems\listofitems
.sty
(C:\Users\aruns\AppData\Local\Programs\MiKTeX\tex/generic/listofitems\listofite
ms.tex
\loi_cnt_foreach_nest=\count266
\loi_nestcnt=\count267
)
Package: listofitems 2019/08/21 v1.63 Grab items in lists using user-specified 
sep char (CT)
)
(C:\Users\aruns\AppData\Local\Programs\MiKTeX\tex/latex/latex-tools\calc.sty
Package: calc 2017/05/25 v4.3 Infix arithmetic (KKT,FJ)
\calc@Acount=\count268
\calc@Bcount=\count269
\calc@Adimen=\dimen150
\calc@Bdimen=\dimen151
\calc@Askip=\skip52
\calc@Bskip=\skip53
LaTeX Info: Redefining \setlength on input line 80.
LaTeX Info: Redefining \addtolength on input line 81.
\calc@Ccount=\count270
\calc@Cskip=\skip54
)
\c@@stackindex=\count271
\@boxshift=\skip55
\stack@tmplength=\skip56
\temp@stkl=\skip57
\@stackedboxwidth=\skip58
\@addedbox=\box49
\@anchorbox=\box50
\stackedbox=\box51
\@centerbox=\box52
\c@ROWcellindex@=\count272
)
(C:\Users\aruns\AppData\Local\Programs\MiKTeX\tex/latex/lipsum\lipsum.sty
(C:\Users\aruns\AppData\Local\Programs\MiKTeX\tex/latex/l3kernel\expl3.sty
Package: expl3 2021-02-18 L3 programming layer (loader) 

(C:\Users\aruns\AppData\Local\Programs\MiKTeX\tex/latex/l3backend\l3backend-pdf
tex.def
File: l3backend-pdftex.def 2021-03-18 L3 backend support: PDF output (pdfTeX)
\l__color_backend_stack_int=\count273
\l__pdf_internal_box=\box53
))
(C:\Users\aruns\AppData\Local\Programs\MiKTeX\tex/latex/l3packages/xparse\xpars
e.sty
(C:\Users\aruns\AppData\Local\Programs\MiKTeX\tex/latex/l3packages/xparse\xpars
e-2020-10-01.sty
(C:\Users\aruns\AppData\Local\Programs\MiKTeX\tex/latex/l3packages/xparse\xpars
e-generic.tex)))
Package: lipsum 2021-03-03 v2.3 150 paragraphs of Lorem Ipsum dummy text

(C:\Users\aruns\AppData\Local\Programs\MiKTeX\tex/latex/lipsum\lipsum.ltd.tex
File: lipsum.ltd.tex 2021-03-03 v2.3 The Lorem ipsum dummy text
)) (C:\Users\aruns\AppData\Local\Programs\MiKTeX\tex/latex/graphics\graphicx.st
y
Package: graphicx 2020/09/09 v1.2b Enhanced LaTeX Graphics (DPC,SPQR)

(C:\Users\aruns\AppData\Local\Programs\MiKTeX\tex/latex/graphics\keyval.sty
Package: keyval 2014/10/28 v1.15 key=value parser (DPC)
\KV@toks@=\toks22
)
\Gin@req@height=\dimen152
\Gin@req@width=\dimen153
)
(C:\Users\aruns\AppData\Local\Programs\MiKTeX\tex/latex/placeins\placeins.sty
Package: placeins 2005/04/18  v 2.2
)
(C:\Users\aruns\AppData\Local\Programs\MiKTeX\tex/latex/booktabs\booktabs.sty
Package: booktabs 2020/01/12 v1.61803398 Publication quality tables
\heavyrulewidth=\dimen154
\lightrulewidth=\dimen155
\cmidrulewidth=\dimen156
\belowrulesep=\dimen157
\belowbottomsep=\dimen158
\aboverulesep=\dimen159
\abovetopsep=\dimen160
\cmidrulesep=\dimen161
\cmidrulekern=\dimen162
\defaultaddspace=\dimen163
\@cmidla=\count274
\@cmidlb=\count275
\@aboverulesep=\dimen164
\@belowrulesep=\dimen165
\@thisruleclass=\count276
\@lastruleclass=\count277
\@thisrulewidth=\dimen166
)
(C:\Users\aruns\AppData\Local\Programs\MiKTeX\tex/latex/cite\cite.sty
LaTeX Info: Redefining \cite on input line 302.
LaTeX Info: Redefining \nocite on input line 332.
Package: cite 2015/02/27  v 5.5
)
(C:\Users\aruns\AppData\Local\Programs\MiKTeX\tex/latex/float\float.sty
Package: float 2001/11/08 v1.3d Float enhancements (AL)
\c@float@type=\count278
\float@exts=\toks23
\float@box=\box54
\@float@everytoks=\toks24
\@floatcapt=\box55
)
(C:\Users\aruns\AppData\Local\Programs\MiKTeX\tex/latex/caption\caption.sty
Package: caption 2020/10/26 v3.5g Customizing captions (AR)

(C:\Users\aruns\AppData\Local\Programs\MiKTeX\tex/latex/caption\caption3.sty
Package: caption3 2020/10/21 v2.2e caption3 kernel (AR)
\captionmargin=\dimen167
\captionmargin@=\dimen168
\captionwidth=\dimen169
\caption@tempdima=\dimen170
\caption@indent=\dimen171
\caption@parindent=\dimen172
\caption@hangindent=\dimen173
Package caption Info: Standard document class detected.
)
\c@caption@flags=\count279
\c@continuedfloat=\count280
Package caption Info: float package is loaded.
)
(C:\Users\aruns\AppData\Local\Programs\MiKTeX\tex/latex/caption\subcaption.sty
Package: subcaption 2020/10/07 v1.3j Sub-captions (AR)
\c@subfigure=\count281
\c@subtable=\count282
) (C:\Users\aruns\AppData\Local\Programs\MiKTeX\tex/latex/multirow\multirow.sty
Package: multirow 2021/03/15 v2.8 Span multiple rows of a table
\multirow@colwidth=\skip59
\multirow@cntb=\count283
\multirow@dima=\skip60
\bigstrutjot=\dimen174
) (C:\Users\aruns\AppData\Local\Programs\MiKTeX\tex/latex/geometry\geometry.sty
Package: geometry 2020/01/02 v5.9 Page Geometry

(C:\Users\aruns\AppData\Local\Programs\MiKTeX\tex/generic/iftex\ifvtex.sty
Package: ifvtex 2019/10/25 v1.7 ifvtex legacy package. Use iftex instead.

(C:\Users\aruns\AppData\Local\Programs\MiKTeX\tex/generic/iftex\iftex.sty
Package: iftex 2020/03/06 v1.0d TeX engine tests
))
\Gm@cnth=\count284
\Gm@cntv=\count285
\c@Gm@tempcnt=\count286
\Gm@bindingoffset=\dimen175
\Gm@wd@mp=\dimen176
\Gm@odd@mp=\dimen177
\Gm@even@mp=\dimen178
\Gm@layoutwidth=\dimen179
\Gm@layoutheight=\dimen180
\Gm@layouthoffset=\dimen181
\Gm@layoutvoffset=\dimen182
\Gm@dimlist=\toks25

(C:\Users\aruns\AppData\Local\Programs\MiKTeX\tex/latex/geometry\geometry.cfg))
(C:\Users\aruns\AppData\Local\Programs\MiKTeX\tex/latex/fancyhdr\fancyhdr.sty
Package: fancyhdr 2021/01/28 v4.0.1 Extensive control of page headers and foote
rs
\f@nch@headwidth=\skip61
\f@nch@O@elh=\skip62
\f@nch@O@erh=\skip63
\f@nch@O@olh=\skip64
\f@nch@O@orh=\skip65
\f@nch@O@elf=\skip66
\f@nch@O@erf=\skip67
\f@nch@O@olf=\skip68
\f@nch@O@orf=\skip69
)
(C:\Users\aruns\AppData\Local\Programs\MiKTeX\tex/latex/relsize\relsize.sty
Package: relsize 2013/03/29 ver 4.1
)
(C:\Users\aruns\AppData\Local\Programs\MiKTeX\tex/latex/pgf/frontendlayer\tikz.
sty
(C:\Users\aruns\AppData\Local\Programs\MiKTeX\tex/latex/pgf/basiclayer\pgf.sty
(C:\Users\aruns\AppData\Local\Programs\MiKTeX\tex/latex/pgf/utilities\pgfrcs.st
y
(C:\Users\aruns\AppData\Local\Programs\MiKTeX\tex/generic/pgf/utilities\pgfutil
-common.tex
\pgfutil@everybye=\toks26
\pgfutil@tempdima=\dimen183
\pgfutil@tempdimb=\dimen184

(C:\Users\aruns\AppData\Local\Programs\MiKTeX\tex/generic/pgf/utilities\pgfutil
-common-lists.tex))
(C:\Users\aruns\AppData\Local\Programs\MiKTeX\tex/generic/pgf/utilities\pgfutil
-latex.def
\pgfutil@abb=\box56
)
(C:\Users\aruns\AppData\Local\Programs\MiKTeX\tex/generic/pgf/utilities\pgfrcs.
code.tex
(C:\Users\aruns\AppData\Local\Programs\MiKTeX\tex/generic/pgf\pgf.revision.tex)
Package: pgfrcs 2020/12/27 v3.1.8b (3.1.8b)
))
Package: pgf 2020/12/27 v3.1.8b (3.1.8b)

(C:\Users\aruns\AppData\Local\Programs\MiKTeX\tex/latex/pgf/basiclayer\pgfcore.
sty
(C:\Users\aruns\AppData\Local\Programs\MiKTeX\tex/latex/pgf/systemlayer\pgfsys.
sty
(C:\Users\aruns\AppData\Local\Programs\MiKTeX\tex/generic/pgf/systemlayer\pgfsy
s.code.tex
Package: pgfsys 2020/12/27 v3.1.8b (3.1.8b)

(C:\Users\aruns\AppData\Local\Programs\MiKTeX\tex/generic/pgf/utilities\pgfkeys
.code.tex
\pgfkeys@pathtoks=\toks27
\pgfkeys@temptoks=\toks28

(C:\Users\aruns\AppData\Local\Programs\MiKTeX\tex/generic/pgf/utilities\pgfkeys
filtered.code.tex
\pgfkeys@tmptoks=\toks29
))
\pgf@x=\dimen185
\pgf@y=\dimen186
\pgf@xa=\dimen187
\pgf@ya=\dimen188
\pgf@xb=\dimen189
\pgf@yb=\dimen190
\pgf@xc=\dimen191
\pgf@yc=\dimen192
\pgf@xd=\dimen193
\pgf@yd=\dimen194
\w@pgf@writea=\write3
\r@pgf@reada=\read2
\c@pgf@counta=\count287
\c@pgf@countb=\count288
\c@pgf@countc=\count289
\c@pgf@countd=\count290
\t@pgf@toka=\toks30
\t@pgf@tokb=\toks31
\t@pgf@tokc=\toks32
\pgf@sys@id@count=\count291

(C:\Users\aruns\AppData\Local\Programs\MiKTeX\tex/generic/pgf/systemlayer\pgf.c
fg
File: pgf.cfg 2020/12/27 v3.1.8b (3.1.8b)
)
Driver file for pgf: pgfsys-pdftex.def

(C:\Users\aruns\AppData\Local\Programs\MiKTeX\tex/generic/pgf/systemlayer\pgfsy
s-pdftex.def
File: pgfsys-pdftex.def 2020/12/27 v3.1.8b (3.1.8b)

(C:\Users\aruns\AppData\Local\Programs\MiKTeX\tex/generic/pgf/systemlayer\pgfsy
s-common-pdf.def
File: pgfsys-common-pdf.def 2020/12/27 v3.1.8b (3.1.8b)
)))
(C:\Users\aruns\AppData\Local\Programs\MiKTeX\tex/generic/pgf/systemlayer\pgfsy
ssoftpath.code.tex
File: pgfsyssoftpath.code.tex 2020/12/27 v3.1.8b (3.1.8b)
\pgfsyssoftpath@smallbuffer@items=\count292
\pgfsyssoftpath@bigbuffer@items=\count293
)
(C:\Users\aruns\AppData\Local\Programs\MiKTeX\tex/generic/pgf/systemlayer\pgfsy
sprotocol.code.tex
File: pgfsysprotocol.code.tex 2020/12/27 v3.1.8b (3.1.8b)
))
(C:\Users\aruns\AppData\Local\Programs\MiKTeX\tex/latex/xcolor\xcolor.sty
Package: xcolor 2016/05/11 v2.12 LaTeX color extensions (UK)

(C:\Users\aruns\AppData\Local\Programs\MiKTeX\tex/latex/graphics-cfg\color.cfg
File: color.cfg 2016/01/02 v1.6 sample color configuration
)
Package xcolor Info: Driver file: pdftex.def on input line 225.
Package xcolor Info: Model `cmy' substituted by `cmy0' on input line 1348.
Package xcolor Info: Model `hsb' substituted by `rgb' on input line 1352.
Package xcolor Info: Model `RGB' extended on input line 1364.
Package xcolor Info: Model `HTML' substituted by `rgb' on input line 1366.
Package xcolor Info: Model `Hsb' substituted by `hsb' on input line 1367.
Package xcolor Info: Model `tHsb' substituted by `hsb' on input line 1368.
Package xcolor Info: Model `HSB' substituted by `hsb' on input line 1369.
Package xcolor Info: Model `Gray' substituted by `gray' on input line 1370.
Package xcolor Info: Model `wave' substituted by `hsb' on input line 1371.
)
(C:\Users\aruns\AppData\Local\Programs\MiKTeX\tex/generic/pgf/basiclayer\pgfcor
e.code.tex
Package: pgfcore 2020/12/27 v3.1.8b (3.1.8b)

(C:\Users\aruns\AppData\Local\Programs\MiKTeX\tex/generic/pgf/math\pgfmath.code
.tex
(C:\Users\aruns\AppData\Local\Programs\MiKTeX\tex/generic/pgf/math\pgfmathcalc.
code.tex
(C:\Users\aruns\AppData\Local\Programs\MiKTeX\tex/generic/pgf/math\pgfmathutil.
code.tex)
(C:\Users\aruns\AppData\Local\Programs\MiKTeX\tex/generic/pgf/math\pgfmathparse
r.code.tex
\pgfmath@dimen=\dimen195
\pgfmath@count=\count294
\pgfmath@box=\box57
\pgfmath@toks=\toks33
\pgfmath@stack@operand=\toks34
\pgfmath@stack@operation=\toks35
)
(C:\Users\aruns\AppData\Local\Programs\MiKTeX\tex/generic/pgf/math\pgfmathfunct
ions.code.tex
(C:\Users\aruns\AppData\Local\Programs\MiKTeX\tex/generic/pgf/math\pgfmathfunct
ions.basic.code.tex)
(C:\Users\aruns\AppData\Local\Programs\MiKTeX\tex/generic/pgf/math\pgfmathfunct
ions.trigonometric.code.tex)
(C:\Users\aruns\AppData\Local\Programs\MiKTeX\tex/generic/pgf/math\pgfmathfunct
ions.random.code.tex)
(C:\Users\aruns\AppData\Local\Programs\MiKTeX\tex/generic/pgf/math\pgfmathfunct
ions.comparison.code.tex)
(C:\Users\aruns\AppData\Local\Programs\MiKTeX\tex/generic/pgf/math\pgfmathfunct
ions.base.code.tex)
(C:\Users\aruns\AppData\Local\Programs\MiKTeX\tex/generic/pgf/math\pgfmathfunct
ions.round.code.tex)
(C:\Users\aruns\AppData\Local\Programs\MiKTeX\tex/generic/pgf/math\pgfmathfunct
ions.misc.code.tex)
(C:\Users\aruns\AppData\Local\Programs\MiKTeX\tex/generic/pgf/math\pgfmathfunct
ions.integerarithmetics.code.tex)))
(C:\Users\aruns\AppData\Local\Programs\MiKTeX\tex/generic/pgf/math\pgfmathfloat
.code.tex
\c@pgfmathroundto@lastzeros=\count295
))
(C:\Users\aruns\AppData\Local\Programs\MiKTeX\tex/generic/pgf/math\pgfint.code.
tex)
(C:\Users\aruns\AppData\Local\Programs\MiKTeX\tex/generic/pgf/basiclayer\pgfcor
epoints.code.tex
File: pgfcorepoints.code.tex 2020/12/27 v3.1.8b (3.1.8b)
\pgf@picminx=\dimen196
\pgf@picmaxx=\dimen197
\pgf@picminy=\dimen198
\pgf@picmaxy=\dimen199
\pgf@pathminx=\dimen256
\pgf@pathmaxx=\dimen257
\pgf@pathminy=\dimen258
\pgf@pathmaxy=\dimen259
\pgf@xx=\dimen260
\pgf@xy=\dimen261
\pgf@yx=\dimen262
\pgf@yy=\dimen263
\pgf@zx=\dimen264
\pgf@zy=\dimen265
)
(C:\Users\aruns\AppData\Local\Programs\MiKTeX\tex/generic/pgf/basiclayer\pgfcor
epathconstruct.code.tex
File: pgfcorepathconstruct.code.tex 2020/12/27 v3.1.8b (3.1.8b)
\pgf@path@lastx=\dimen266
\pgf@path@lasty=\dimen267
)
(C:\Users\aruns\AppData\Local\Programs\MiKTeX\tex/generic/pgf/basiclayer\pgfcor
epathusage.code.tex
File: pgfcorepathusage.code.tex 2020/12/27 v3.1.8b (3.1.8b)
\pgf@shorten@end@additional=\dimen268
\pgf@shorten@start@additional=\dimen269
)
(C:\Users\aruns\AppData\Local\Programs\MiKTeX\tex/generic/pgf/basiclayer\pgfcor
escopes.code.tex
File: pgfcorescopes.code.tex 2020/12/27 v3.1.8b (3.1.8b)
\pgfpic=\box58
\pgf@hbox=\box59
\pgf@layerbox@main=\box60
\pgf@picture@serial@count=\count296
)
(C:\Users\aruns\AppData\Local\Programs\MiKTeX\tex/generic/pgf/basiclayer\pgfcor
egraphicstate.code.tex
File: pgfcoregraphicstate.code.tex 2020/12/27 v3.1.8b (3.1.8b)
\pgflinewidth=\dimen270
)
(C:\Users\aruns\AppData\Local\Programs\MiKTeX\tex/generic/pgf/basiclayer\pgfcor
etransformations.code.tex
File: pgfcoretransformations.code.tex 2020/12/27 v3.1.8b (3.1.8b)
\pgf@pt@x=\dimen271
\pgf@pt@y=\dimen272
\pgf@pt@temp=\dimen273
)
(C:\Users\aruns\AppData\Local\Programs\MiKTeX\tex/generic/pgf/basiclayer\pgfcor
equick.code.tex
File: pgfcorequick.code.tex 2020/12/27 v3.1.8b (3.1.8b)
)
(C:\Users\aruns\AppData\Local\Programs\MiKTeX\tex/generic/pgf/basiclayer\pgfcor
eobjects.code.tex
File: pgfcoreobjects.code.tex 2020/12/27 v3.1.8b (3.1.8b)
)
(C:\Users\aruns\AppData\Local\Programs\MiKTeX\tex/generic/pgf/basiclayer\pgfcor
epathprocessing.code.tex
File: pgfcorepathprocessing.code.tex 2020/12/27 v3.1.8b (3.1.8b)
)
(C:\Users\aruns\AppData\Local\Programs\MiKTeX\tex/generic/pgf/basiclayer\pgfcor
earrows.code.tex
File: pgfcorearrows.code.tex 2020/12/27 v3.1.8b (3.1.8b)
\pgfarrowsep=\dimen274
)
(C:\Users\aruns\AppData\Local\Programs\MiKTeX\tex/generic/pgf/basiclayer\pgfcor
eshade.code.tex
File: pgfcoreshade.code.tex 2020/12/27 v3.1.8b (3.1.8b)
\pgf@max=\dimen275
\pgf@sys@shading@range@num=\count297
\pgf@shadingcount=\count298
)
(C:\Users\aruns\AppData\Local\Programs\MiKTeX\tex/generic/pgf/basiclayer\pgfcor
eimage.code.tex
File: pgfcoreimage.code.tex 2020/12/27 v3.1.8b (3.1.8b)

(C:\Users\aruns\AppData\Local\Programs\MiKTeX\tex/generic/pgf/basiclayer\pgfcor
eexternal.code.tex
File: pgfcoreexternal.code.tex 2020/12/27 v3.1.8b (3.1.8b)
\pgfexternal@startupbox=\box61
))
(C:\Users\aruns\AppData\Local\Programs\MiKTeX\tex/generic/pgf/basiclayer\pgfcor
elayers.code.tex
File: pgfcorelayers.code.tex 2020/12/27 v3.1.8b (3.1.8b)
)
(C:\Users\aruns\AppData\Local\Programs\MiKTeX\tex/generic/pgf/basiclayer\pgfcor
etransparency.code.tex
File: pgfcoretransparency.code.tex 2020/12/27 v3.1.8b (3.1.8b)
)
(C:\Users\aruns\AppData\Local\Programs\MiKTeX\tex/generic/pgf/basiclayer\pgfcor
epatterns.code.tex
File: pgfcorepatterns.code.tex 2020/12/27 v3.1.8b (3.1.8b)
)
(C:\Users\aruns\AppData\Local\Programs\MiKTeX\tex/generic/pgf/basiclayer\pgfcor
erdf.code.tex
File: pgfcorerdf.code.tex 2020/12/27 v3.1.8b (3.1.8b)
)))
(C:\Users\aruns\AppData\Local\Programs\MiKTeX\tex/generic/pgf/modules\pgfmodule
shapes.code.tex
File: pgfmoduleshapes.code.tex 2020/12/27 v3.1.8b (3.1.8b)
\pgfnodeparttextbox=\box62
)
(C:\Users\aruns\AppData\Local\Programs\MiKTeX\tex/generic/pgf/modules\pgfmodule
plot.code.tex
File: pgfmoduleplot.code.tex 2020/12/27 v3.1.8b (3.1.8b)
)
(C:\Users\aruns\AppData\Local\Programs\MiKTeX\tex/latex/pgf/compatibility\pgfco
mp-version-0-65.sty
Package: pgfcomp-version-0-65 2020/12/27 v3.1.8b (3.1.8b)
\pgf@nodesepstart=\dimen276
\pgf@nodesepend=\dimen277
)
(C:\Users\aruns\AppData\Local\Programs\MiKTeX\tex/latex/pgf/compatibility\pgfco
mp-version-1-18.sty
Package: pgfcomp-version-1-18 2020/12/27 v3.1.8b (3.1.8b)
))
(C:\Users\aruns\AppData\Local\Programs\MiKTeX\tex/latex/pgf/utilities\pgffor.st
y
(C:\Users\aruns\AppData\Local\Programs\MiKTeX\tex/latex/pgf/utilities\pgfkeys.s
ty
(C:\Users\aruns\AppData\Local\Programs\MiKTeX\tex/generic/pgf/utilities\pgfkeys
.code.tex))
(C:\Users\aruns\AppData\Local\Programs\MiKTeX\tex/latex/pgf/math\pgfmath.sty
(C:\Users\aruns\AppData\Local\Programs\MiKTeX\tex/generic/pgf/math\pgfmath.code
.tex))
(C:\Users\aruns\AppData\Local\Programs\MiKTeX\tex/generic/pgf/utilities\pgffor.
code.tex
Package: pgffor 2020/12/27 v3.1.8b (3.1.8b)

(C:\Users\aruns\AppData\Local\Programs\MiKTeX\tex/generic/pgf/math\pgfmath.code
.tex)
\pgffor@iter=\dimen278
\pgffor@skip=\dimen279
\pgffor@stack=\toks36
\pgffor@toks=\toks37
))
(C:\Users\aruns\AppData\Local\Programs\MiKTeX\tex/generic/pgf/frontendlayer/tik
z\tikz.code.tex
Package: tikz 2020/12/27 v3.1.8b (3.1.8b)

(C:\Users\aruns\AppData\Local\Programs\MiKTeX\tex/generic/pgf/libraries\pgflibr
aryplothandlers.code.tex
File: pgflibraryplothandlers.code.tex 2020/12/27 v3.1.8b (3.1.8b)
\pgf@plot@mark@count=\count299
\pgfplotmarksize=\dimen280
)
\tikz@lastx=\dimen281
\tikz@lasty=\dimen282
\tikz@lastxsaved=\dimen283
\tikz@lastysaved=\dimen284
\tikz@lastmovetox=\dimen285
\tikz@lastmovetoy=\dimen286
\tikzleveldistance=\dimen287
\tikzsiblingdistance=\dimen288
\tikz@figbox=\box63
\tikz@figbox@bg=\box64
\tikz@tempbox=\box65
\tikz@tempbox@bg=\box66
\tikztreelevel=\count300
\tikznumberofchildren=\count301
\tikznumberofcurrentchild=\count302
\tikz@fig@count=\count303

(C:\Users\aruns\AppData\Local\Programs\MiKTeX\tex/generic/pgf/modules\pgfmodule
matrix.code.tex
File: pgfmodulematrix.code.tex 2020/12/27 v3.1.8b (3.1.8b)
\pgfmatrixcurrentrow=\count304
\pgfmatrixcurrentcolumn=\count305
\pgf@matrix@numberofcolumns=\count306
)
\tikz@expandcount=\count307

(C:\Users\aruns\AppData\Local\Programs\MiKTeX\tex/generic/pgf/frontendlayer/tik
z/libraries\tikzlibrarytopaths.code.tex
File: tikzlibrarytopaths.code.tex 2020/12/27 v3.1.8b (3.1.8b)
)))
(C:\Users\aruns\AppData\Local\Programs\MiKTeX\tex/generic/pgf/frontendlayer/tik
z/libraries\tikzlibraryshapes.geometric.code.tex
File: tikzlibraryshapes.geometric.code.tex 2020/12/27 v3.1.8b (3.1.8b)

(C:\Users\aruns\AppData\Local\Programs\MiKTeX\tex/generic/pgf/libraries/shapes\
pgflibraryshapes.geometric.code.tex
File: pgflibraryshapes.geometric.code.tex 2020/12/27 v3.1.8b (3.1.8b)
))
(C:\Users\aruns\AppData\Local\Programs\MiKTeX\tex/generic/pgf/frontendlayer/tik
z/libraries\tikzlibraryarrows.code.tex
File: tikzlibraryarrows.code.tex 2020/12/27 v3.1.8b (3.1.8b)

(C:\Users\aruns\AppData\Local\Programs\MiKTeX\tex/generic/pgf/libraries\pgflibr
aryarrows.code.tex
File: pgflibraryarrows.code.tex 2020/12/27 v3.1.8b (3.1.8b)
\arrowsize=\dimen289
))
(C:\Users\aruns\AppData\Local\Programs\MiKTeX\tex/latex/titling\titling.sty
Package: titling 2009/09/04 v2.1d maketitle typesetting
\thanksmarkwidth=\skip70
\thanksmargin=\skip71
\droptitle=\skip72
)
(Report.aux)
\openout1 = `Report.aux'.

LaTeX Font Info:    Checking defaults for OML/cmm/m/it on input line 54.
LaTeX Font Info:    ... okay on input line 54.
LaTeX Font Info:    Checking defaults for OMS/cmsy/m/n on input line 54.
LaTeX Font Info:    ... okay on input line 54.
LaTeX Font Info:    Checking defaults for OT1/cmr/m/n on input line 54.
LaTeX Font Info:    ... okay on input line 54.
LaTeX Font Info:    Checking defaults for T1/cmr/m/n on input line 54.
LaTeX Font Info:    ... okay on input line 54.
LaTeX Font Info:    Checking defaults for TS1/cmr/m/n on input line 54.
LaTeX Font Info:    ... okay on input line 54.
LaTeX Font Info:    Checking defaults for OMX/cmex/m/n on input line 54.
LaTeX Font Info:    ... okay on input line 54.
LaTeX Font Info:    Checking defaults for U/cmr/m/n on input line 54.
LaTeX Font Info:    ... okay on input line 54.

(C:\Users\aruns\AppData\Local\Programs\MiKTeX\tex/context/base/mkii\supp-pdf.mk
ii
[Loading MPS to PDF converter (version 2006.09.02).]
\scratchcounter=\count308
\scratchdimen=\dimen290
\scratchbox=\box67
\nofMPsegments=\count309
\nofMParguments=\count310
\everyMPshowfont=\toks38
\MPscratchCnt=\count311
\MPscratchDim=\dimen291
\MPnumerator=\count312
\makeMPintoPDFobject=\count313
\everyMPtoPDFconversion=\toks39
)
(C:\Users\aruns\AppData\Local\Programs\MiKTeX\tex/latex/epstopdf-pkg\epstopdf-b
ase.sty
Package: epstopdf-base 2020-01-24 v2.11 Base part for package epstopdf
Package epstopdf-base Info: Redefining graphics rule for `.eps' on input line 4
85.

(C:\Users\aruns\AppData\Local\Programs\MiKTeX\tex/latex/00miktex\epstopdf-sys.c
fg
File: epstopdf-sys.cfg 2021/03/18 v2.0 Configuration of epstopdf for MiKTeX
))
Package caption Info: Begin \AtBeginDocument code.
Package caption Info: End \AtBeginDocument code.

*geometry* driver: auto-detecting
*geometry* detected driver: pdftex
*geometry* verbose mode - [ preamble ] result:
* driver: pdftex
* paper: a4paper
* layout: <same size as paper>
* layoutoffset:(h,v)=(0.0pt,0.0pt)
* modes: 
* h-part:(L,W,R)=(79.49744pt, 438.513pt, 79.49744pt)
* v-part:(T,H,B)=(72.26999pt, 693.27942pt, 79.49744pt)
* \paperwidth=597.50787pt
* \paperheight=845.04684pt
* \textwidth=438.513pt
* \textheight=693.27942pt
* \oddsidemargin=7.22745pt
* \evensidemargin=7.22745pt
* \topmargin=-37.0pt
* \headheight=12.0pt
* \headsep=25.0pt
* \topskip=12.0pt
* \footskip=30.0pt
* \marginparwidth=35.0pt
* \marginparsep=10.0pt
* \columnsep=10.0pt
* \skip\footins=10.8pt plus 4.0pt minus 2.0pt
* \hoffset=0.0pt
* \voffset=0.0pt
* \mag=1000
* \@twocolumnfalse
* \@twosidefalse
* \@mparswitchfalse
* \@reversemarginfalse
* (1in=72.27pt=25.4mm, 1cm=28.453pt)


LaTeX Font Warning: Font shape `OT1/cmr/m/n' in size <18.06749> not available
(Font)              size <17.28> substituted on input line 55.

<logo.png, id=4, 1204.5pt x 1187.43625pt>
File: logo.png Graphic file (type png)
<use logo.png>
Package pdftex.def Info: logo.png  used on input line 55.
(pdftex.def)             Requested size: 170.71652pt x 168.28737pt.
[1

{C:/Users/aruns/AppData/Local/MiKTeX/pdftex/config/pdftex.map} <./logo.png>]
<composite plane.jpg, id=13, 2710.125pt x 1212.53pt>
File: composite plane.jpg Graphic file (type jpg)
<use composite plane.jpg>
Package pdftex.def Info: composite plane.jpg  used on input line 62.
(pdftex.def)             Requested size: 350.81174pt x 156.94986pt.

Overfull \hbox (4.19629pt too wide) in paragraph at lines 59--68
\OT1/cmr/m/n/12 Composite ma-te-rial are at-trac-tive be-cause of their high st
rength, stiff-ness, high stiffness-
 []

[2 <./composite plane.jpg>] [3]
LaTeX Font Info:    Trying to load font information for U+msa on input line 73.


(C:\Users\aruns\AppData\Local\Programs\MiKTeX\tex/latex/amsfonts\umsa.fd
File: umsa.fd 2013/01/14 v3.01 AMS symbols A
)
LaTeX Font Info:    Trying to load font information for U+msb on input line 73.


(C:\Users\aruns\AppData\Local\Programs\MiKTeX\tex/latex/amsfonts\umsb.fd
File: umsb.fd 2013/01/14 v3.01 AMS symbols B
)
<1. Damage.png, id=20, 366.77025pt x 365.56575pt>
File: 1. Damage.png Graphic file (type png)
<use 1. Damage.png>
Package pdftex.def Info: 1. Damage.png  used on input line 77.
(pdftex.def)             Requested size: 175.40251pt x 174.82808pt.

[4 <./1. Damage.png>] [5]
<Damage2.png, id=30, 449.88075pt x 287.27325pt>
File: Damage2.png Graphic file (type png)
<use Damage2.png>
Package pdftex.def Info: Damage2.png  used on input line 125.
(pdftex.def)             Requested size: 350.81174pt x 224.01086pt.
<3. Damage_cylinder.png, id=31, 471.56175pt x 292.09125pt>
File: 3. Damage_cylinder.png Graphic file (type png)
<use 3. Damage_cylinder.png>
Package pdftex.def Info: 3. Damage_cylinder.png  used on input line 144.
(pdftex.def)             Requested size: 350.81174pt x 217.30739pt.
 [6]
Underfull \hbox (badness 10000) in paragraph at lines 151--152

 []


Underfull \hbox (badness 10000) in paragraph at lines 155--157

 []


Underfull \hbox (badness 10000) in paragraph at lines 160--162

 []

[7 <./Damage2.png>] [8 <./3. Damage_cylinder.png>]
<4. Damage.png, id=47, 387.24675pt x 250.536pt>
File: 4. Damage.png Graphic file (type png)
<use 4. Damage.png>
Package pdftex.def Info: 4. Damage.png  used on input line 188.
(pdftex.def)             Requested size: 219.2565pt x 141.85509pt.
 [9 <./4. Damage.png>]
Overfull \hbox (8.50041pt too wide) in paragraph at lines 208--209
[][]\OT1/cmr/m/n/12 If the dam-age state is isotropic then the ef-fec-tive stre
ss ten-sor of three-dimensional
 []


Underfull \hbox (badness 10000) in paragraph at lines 211--213

 []


Overfull \hbox (4.52267pt too wide) in paragraph at lines 214--215
[][]\OT1/cmr/m/n/12 The in-crease in stress ef-fect caused by the net area re-d
uc-tion in case of anisotropic
 []

[10]
Underfull \hbox (badness 10000) in paragraph at lines 225--226

 []


Overfull \hbox (14.06482pt too wide) in paragraph at lines 226--226
[]\OT1/cmr/bx/n/12 Symmetrized Ef-fec-tive Stress Ten-sor for Anisotropic Dam-a
ge 2 (Corde-
 []


Underfull \hbox (badness 10000) in paragraph at lines 231--233

 []


Underfull \hbox (badness 10000) in paragraph at lines 247--253

 []


Underfull \hbox (badness 10000) in paragraph at lines 247--253

 []

[11]
Underfull \hbox (badness 10000) in paragraph at lines 269--271

 []


Underfull \hbox (badness 10000) in paragraph at lines 276--280

 []


Underfull \hbox (badness 10000) in paragraph at lines 297--299

 []

[12]
<6. Strain_eq.png, id=65, 481.8pt x 233.07076pt>
File: 6. Strain_eq.png Graphic file (type png)
<use 6. Strain_eq.png>
Package pdftex.def Info: 6. Strain_eq.png  used on input line 321.
(pdftex.def)             Requested size: 350.81174pt x 169.7099pt.

Underfull \hbox (badness 10000) in paragraph at lines 340--341

 []

[13 <./6. Strain_eq.png>]
Underfull \hbox (badness 10000) in paragraph at lines 365--367

 []


Underfull \hbox (badness 10000) in paragraph at lines 369--371

 []


Underfull \hbox (badness 10000) in paragraph at lines 373--377

 []


Underfull \hbox (badness 10000) in paragraph at lines 379--381

 []

<7.Strain_energy_eq.png, id=71, 570.33075pt x 260.77425pt>
File: 7.Strain_energy_eq.png Graphic file (type png)
<use 7.Strain_energy_eq.png>
Package pdftex.def Info: 7.Strain_energy_eq.png  used on input line 388.
(pdftex.def)             Requested size: 350.81174pt x 160.40504pt.

Underfull \hbox (badness 10000) in paragraph at lines 394--396

 []

[14]
Underfull \hbox (badness 10000) in paragraph at lines 398--402

 []


Underfull \hbox (badness 10000) in paragraph at lines 404--406

 []


Underfull \hbox (badness 10000) in paragraph at lines 408--410

 []


Underfull \hbox (badness 10000) in paragraph at lines 412--414

 []


Underfull \hbox (badness 10000) in paragraph at lines 417--421

 []


Underfull \hbox (badness 10000) in paragraph at lines 424--427

 []


Underfull \hbox (badness 10000) in paragraph at lines 429--433

 []

[15 <./7.Strain_energy_eq.png>]
Underfull \hbox (badness 10000) in paragraph at lines 435--437

 []


Underfull \hbox (badness 10000) in paragraph at lines 465--466

 []

[16]
Underfull \hbox (badness 10000) in paragraph at lines 488--489

 []

[17]
<9.Usermat_input.png, id=86, 747.9945pt x 581.17125pt>
File: 9.Usermat_input.png Graphic file (type png)
<use 9.Usermat_input.png>
Package pdftex.def Info: 9.Usermat_input.png  used on input line 514.
(pdftex.def)             Requested size: 394.65901pt x 306.64476pt.

Underfull \hbox (badness 10000) in paragraph at lines 510--519

 []

[18]
Underfull \hbox (badness 10000) in paragraph at lines 523--524

 []

[19 <./9.Usermat_input.png>]
Overfull \hbox (57.11244pt too wide) in paragraph at lines 527--528
[]\OT1/cmr/m/n/12 Go to "Con-trol Panel$\OML/cmm/m/it/12 >$\OT1/cmr/m/n/12 Sear
ch System$\OML/cmm/m/it/12 >$\OT1/cmr/m/n/12 Edit the sys-tem en-vi-ron-ment va
riables$\OML/cmm/m/it/12 >$\OT1/cmr/m/n/12 Environment
 []

LaTeX Font Info:    Trying to load font information for OMS+cmtt on input line 
529.
LaTeX Font Info:    No file OMScmtt.fd. on input line 529.

LaTeX Font Warning: Font shape `OMS/cmtt/m/n' undefined
(Font)              using `OMS/cmsy/m/n' instead
(Font)              for symbol `textbackslash' on input line 529.


Underfull \hbox (badness 10000) in paragraph at lines 535--536

 []

[20]
<12.Tb.png, id=98, 209.583pt x 175.857pt>
File: 12.Tb.png Graphic file (type png)
<use 12.Tb.png>
Package pdftex.def Info: 12.Tb.png  used on input line 569.
(pdftex.def)             Requested size: 131.55524pt x 110.3853pt.

Underfull \hbox (badness 10000) in paragraph at lines 542--577

 []


Underfull \hbox (badness 10000) in paragraph at lines 542--577

 []


Underfull \hbox (badness 10000) in paragraph at lines 542--577

 []


Underfull \hbox (badness 10000) in paragraph at lines 542--577

 []


Underfull \hbox (badness 10000) in paragraph at lines 542--577

 []


Underfull \hbox (badness 10000) in paragraph at lines 542--577

 []


Underfull \hbox (badness 10000) in paragraph at lines 542--577

 []


Underfull \hbox (badness 10000) in paragraph at lines 542--577

 []


Underfull \hbox (badness 10000) in paragraph at lines 542--577

 []

[21]
<13.Timehist.png, id=102, 895.54575pt x 422.7795pt>
File: 13.Timehist.png Graphic file (type png)
<use 13.Timehist.png>
Package pdftex.def Info: 13.Timehist.png  used on input line 582.
(pdftex.def)             Requested size: 350.81174pt x 165.6123pt.
 [22 <./12.Tb.png>] [23 <./13.Timehist.png>]
Overfull \hbox (1.3249pt too wide) in paragraph at lines 599--599
[]\OT1/cmr/bx/n/14.4 Mechanisms of dam-age and fail-ure in fi-bre re-in-forced 
com-
 []

<5. FRP failure.png, id=111, 635.37375pt x 303.534pt>
File: 5. FRP failure.png Graphic file (type png)
<use 5. FRP failure.png>
Package pdftex.def Info: 5. FRP failure.png  used on input line 609.
(pdftex.def)             Requested size: 306.95775pt x 146.64412pt.

Underfull \hbox (badness 10000) in paragraph at lines 606--614

 []

[24]
Underfull \hbox (badness 10000) in paragraph at lines 622--649

 []


Underfull \hbox (badness 10000) in paragraph at lines 622--649

 []


LaTeX Warning: `!h' float specifier changed to `!ht'.

[25 <./5. FRP failure.png>]
Underfull \hbox (badness 10000) in paragraph at lines 650--678

 []


Underfull \hbox (badness 10000) in paragraph at lines 650--678

 []


Underfull \hbox (badness 10000) in paragraph at lines 650--678

 []


Underfull \hbox (badness 10000) in paragraph at lines 650--678

 []


LaTeX Warning: `!h' float specifier changed to `!ht'.


Underfull \hbox (badness 10000) in paragraph at lines 680--685

 []


Underfull \hbox (badness 10000) in paragraph at lines 680--685

 []


Underfull \hbox (badness 10000) in paragraph at lines 680--685

 []


LaTeX Font Warning: Command \large invalid in math mode on input line 686.

[26]
LaTeX Font Info:    Calculating math sizes for size <> on input line 695.


LaTeX Font Warning: Font shape `OT1/cmr/m/n' in size <> not available
(Font)              size <5> substituted on input line 695.


LaTeX Font Warning: Font shape `OT1/cmr/m/n' in size <0.7> not available
(Font)              size <5> substituted on input line 695.


LaTeX Font Warning: Font shape `OT1/cmr/m/n' in size <0.5> not available
(Font)              size <5> substituted on input line 695.


LaTeX Font Warning: Font shape `OML/cmm/m/it' in size <> not available
(Font)              size <5> substituted on input line 695.


LaTeX Font Warning: Font shape `OML/cmm/m/it' in size <0.7> not available
(Font)              size <5> substituted on input line 695.


LaTeX Font Warning: Font shape `OML/cmm/m/it' in size <0.5> not available
(Font)              size <5> substituted on input line 695.


LaTeX Font Warning: Font shape `OMS/cmsy/m/n' in size <> not available
(Font)              size <5> substituted on input line 695.


LaTeX Font Warning: Font shape `OMS/cmsy/m/n' in size <0.7> not available
(Font)              size <5> substituted on input line 695.


LaTeX Font Warning: Font shape `OMS/cmsy/m/n' in size <0.5> not available
(Font)              size <5> substituted on input line 695.


Underfull \hbox (badness 10000) in paragraph at lines 695--700

 []


Underfull \hbox (badness 10000) in paragraph at lines 695--700

 []


LaTeX Font Warning: Command \large invalid in math mode on input line 701.


Underfull \hbox (badness 10000) in paragraph at lines 713--718

 []


Underfull \hbox (badness 10000) in paragraph at lines 713--718

 []


LaTeX Font Warning: Command \large invalid in math mode on input line 719.

[27]

LaTeX Font Warning: Command \LARGE invalid in math mode on input line 733.


Underfull \hbox (badness 10000) in paragraph at lines 730--734

 []


Underfull \hbox (badness 10000) in paragraph at lines 735--740

 []


Underfull \hbox (badness 10000) in paragraph at lines 735--740

 []


LaTeX Font Warning: Command \large invalid in math mode on input line 741.


Underfull \hbox (badness 10000) in paragraph at lines 748--753

 []


Underfull \hbox (badness 10000) in paragraph at lines 748--753

 []


LaTeX Font Warning: Command \large invalid in math mode on input line 754.


Underfull \hbox (badness 10000) in paragraph at lines 760--765

 []


Underfull \hbox (badness 10000) in paragraph at lines 760--765

 []


LaTeX Font Warning: Command \large invalid in math mode on input line 766.


Underfull \hbox (badness 10000) in paragraph at lines 772--777

 []


Underfull \hbox (badness 10000) in paragraph at lines 772--777

 []

[28]
Underfull \hbox (badness 10000) in paragraph at lines 778--783

 []


Underfull \hbox (badness 10000) in paragraph at lines 778--783

 []


LaTeX Font Warning: Command \large invalid in math mode on input line 784.


Underfull \hbox (badness 10000) in paragraph at lines 792--797

 []


Underfull \hbox (badness 10000) in paragraph at lines 792--797

 []


LaTeX Font Warning: Command \large invalid in math mode on input line 798.


Underfull \hbox (badness 10000) in paragraph at lines 806--810

 []

[29]
<8.Types_of_damage_evolution.png, id=136, 468.5505pt x 287.8755pt>
File: 8.Types_of_damage_evolution.png Graphic file (type png)
<use 8.Types_of_damage_evolution.png>
Package pdftex.def Info: 8.Types_of_damage_evolution.png  used on input line 81
6.
(pdftex.def)             Requested size: 306.95775pt x 188.59715pt.

Underfull \hbox (badness 10000) in paragraph at lines 824--826

 []


Underfull \hbox (badness 10000) in paragraph at lines 824--826

 []


LaTeX Font Warning: Command \large invalid in math mode on input line 827.


Underfull \hbox (badness 10000) in paragraph at lines 829--832

 []

[30 <./8.Types_of_damage_evolution.png>]

LaTeX Font Warning: Command \large invalid in math mode on input line 833.


Underfull \hbox (badness 10000) in paragraph at lines 834--836

 []


LaTeX Font Warning: Command \large invalid in math mode on input line 837.


Underfull \hbox (badness 10000) in paragraph at lines 838--841

 []


LaTeX Font Warning: Command \large invalid in math mode on input line 842.


LaTeX Font Warning: Command \large invalid in math mode on input line 846.


LaTeX Font Warning: Command \large invalid in math mode on input line 850.


Underfull \hbox (badness 10000) in paragraph at lines 855--856

 []

[31]
Underfull \hbox (badness 10000) in paragraph at lines 866--869

 []


Underfull \hbox (badness 10000) in paragraph at lines 879--880

 []


LaTeX Font Warning: Command \large invalid in math mode on input line 894.


LaTeX Font Warning: Command \large invalid in math mode on input line 898.


Underfull \hbox (badness 10000) in paragraph at lines 908--912

 []

[32]
Underfull \hbox (badness 10000) in paragraph at lines 933--934

 []

[33] [34] [35] [36] [37]
<14.Linear_SvsE.png, id=164, 953.5625pt x 715.67375pt>
File: 14.Linear_SvsE.png Graphic file (type png)
<use 14.Linear_SvsE.png>
Package pdftex.def Info: 14.Linear_SvsE.png  used on input line 1029.
(pdftex.def)             Requested size: 263.11047pt x 197.47156pt.

Overfull \hbox (1.26901pt too wide) in paragraph at lines 1037--1069
 [] 
 []

[38] [39 <./14.Linear_SvsE.png (PNG copy)>]
<15.Ansys_SX.png, id=171, 576.9555pt x 425.1885pt>
File: 15.Ansys_SX.png Graphic file (type png)
<use 15.Ansys_SX.png>
Package pdftex.def Info: 15.Ansys_SX.png  used on input line 1081.
(pdftex.def)             Requested size: 144.71156pt x 106.64072pt.

Overfull \hbox (13.15633pt too wide) in paragraph at lines 1081--1082
 [][] 
 []

<16.Ansys_SY.png, id=172, 559.49025pt x 422.7795pt>
File: 16.Ansys_SY.png Graphic file (type png)
<use 16.Ansys_SY.png>
Package pdftex.def Info: 16.Ansys_SY.png  used on input line 1088.
(pdftex.def)             Requested size: 144.71156pt x 109.34592pt.

Overfull \hbox (13.15633pt too wide) in paragraph at lines 1088--1089
 [][] 
 []

<17.Ansys_SZ.png, id=173, 571.53525pt x 424.58624pt>
File: 17.Ansys_SZ.png Graphic file (type png)
<use 17.Ansys_SZ.png>
Package pdftex.def Info: 17.Ansys_SZ.png  used on input line 1095.
(pdftex.def)             Requested size: 144.71156pt x 107.50034pt.

Overfull \hbox (13.15633pt too wide) in paragraph at lines 1095--1096
 [][] 
 []

<18.User_SX.png, id=174, 581.7735pt x 425.79076pt>
File: 18.User_SX.png Graphic file (type png)
<use 18.User_SX.png>
Package pdftex.def Info: 18.User_SX.png  used on input line 1109.
(pdftex.def)             Requested size: 144.71156pt x 105.90817pt.

Overfull \hbox (13.15633pt too wide) in paragraph at lines 1109--1110
 [][] 
 []

<19.User_SY.png, id=175, 576.9555pt x 425.1885pt>
File: 19.User_SY.png Graphic file (type png)
<use 19.User_SY.png>
Package pdftex.def Info: 19.User_SY.png  used on input line 1116.
(pdftex.def)             Requested size: 144.71156pt x 106.64072pt.

Overfull \hbox (13.15633pt too wide) in paragraph at lines 1116--1117
 [][] 
 []

<20.User_SZ.png, id=176, 572.1375pt x 423.984pt>
File: 20.User_SZ.png Graphic file (type png)
<use 20.User_SZ.png>
Package pdftex.def Info: 20.User_SZ.png  used on input line 1123.
(pdftex.def)             Requested size: 144.71156pt x 107.23787pt.

Overfull \hbox (13.15633pt too wide) in paragraph at lines 1123--1124
 [][] 
 []

[40 <./15.Ansys_SX.png> <./16.Ansys_SY.png> <./17.Ansys_SZ.png> <./18.User_SX.p
ng> <./19.User_SY.png> <./20.User_SZ.png>]
Underfull \hbox (badness 10000) in paragraph at lines 1143--1145

 []


Underfull \hbox (badness 10000) in paragraph at lines 1143--1145

 []

<21.StressvsStrain_Ansys.png, id=186, 953.5625pt x 711.65875pt>
File: 21.StressvsStrain_Ansys.png Graphic file (type png)
<use 21.StressvsStrain_Ansys.png>
Package pdftex.def Info: 21.StressvsStrain_Ansys.png  used on input line 1151.
(pdftex.def)             Requested size: 219.25313pt x 163.62376pt.

Overfull \hbox (43.85062pt too wide) in paragraph at lines 1151--1152
 [][] 
 []

<21.StressvsStrain_Octave.png, id=187, 953.5625pt x 711.65875pt>
File: 21.StressvsStrain_Octave.png Graphic file (type png)
<use 21.StressvsStrain_Octave.png>
Package pdftex.def Info: 21.StressvsStrain_Octave.png  used on input line 1158.

(pdftex.def)             Requested size: 219.25313pt x 163.62376pt.

Overfull \hbox (43.85062pt too wide) in paragraph at lines 1158--1159
 [][] 
 []

<21.d1,d2,d3.png, id=188, 953.5625pt x 711.65875pt>
File: 21.d1,d2,d3.png Graphic file (type png)
<use 21.d1,d2,d3.png>
Package pdftex.def Info: 21.d1,d2,d3.png  used on input line 1166.
(pdftex.def)             Requested size: 219.25313pt x 163.62376pt.

Overfull \hbox (43.85062pt too wide) in paragraph at lines 1166--1167
 [][] 
 []


Underfull \hbox (badness 10000) in paragraph at lines 1173--1174

 []

<21.P_damage.png, id=189, 953.5625pt x 711.65875pt>
File: 21.P_damage.png Graphic file (type png)
<use 21.P_damage.png>
Package pdftex.def Info: 21.P_damage.png  used on input line 1177.
(pdftex.def)             Requested size: 263.11047pt x 196.36372pt.

Underfull \hbox (badness 10000) in paragraph at lines 1184--1186

 []

<22.Convergence_error.png, id=190, 442.0515pt x 290.2845pt>
File: 22.Convergence_error.png Graphic file (type png)
<use 22.Convergence_error.png>
Package pdftex.def Info: 22.Convergence_error.png  used on input line 1189.
(pdftex.def)             Requested size: 175.40251pt x 115.18156pt.
[41] [42 <./21.StressvsStrain_Ansys.png (PNG copy)> <./21.StressvsStrain_Octave
.png (PNG copy)> <./21.d1,d2,d3.png (PNG copy)> <./21.P_damage.png (PNG copy)>]

Underfull \hbox (badness 10000) in paragraph at lines 1197--1198

 []

<22.StressvsStrain_Ansys.png, id=197, 953.5625pt x 711.65875pt>
File: 22.StressvsStrain_Ansys.png Graphic file (type png)
<use 22.StressvsStrain_Ansys.png>
Package pdftex.def Info: 22.StressvsStrain_Ansys.png  used on input line 1204.
(pdftex.def)             Requested size: 219.25313pt x 163.62376pt.

Overfull \hbox (43.85062pt too wide) in paragraph at lines 1204--1205
 [][] 
 []

<22.StressvsStrain_Octave.png, id=198, 953.5625pt x 711.65875pt>
File: 22.StressvsStrain_Octave.png Graphic file (type png)
<use 22.StressvsStrain_Octave.png>
Package pdftex.def Info: 22.StressvsStrain_Octave.png  used on input line 1211.

(pdftex.def)             Requested size: 219.25313pt x 163.62376pt.

Overfull \hbox (43.85062pt too wide) in paragraph at lines 1211--1212
 [][] 
 []

<22.d1,d2,d3.png, id=199, 953.5625pt x 711.65875pt>
File: 22.d1,d2,d3.png Graphic file (type png)
<use 22.d1,d2,d3.png>
Package pdftex.def Info: 22.d1,d2,d3.png  used on input line 1219.
(pdftex.def)             Requested size: 219.25313pt x 163.62376pt.

Overfull \hbox (43.85062pt too wide) in paragraph at lines 1219--1220
 [][] 
 []

<22.V_damage.png, id=200, 953.5625pt x 711.65875pt>
File: 22.V_damage.png Graphic file (type png)
<use 22.V_damage.png>
Package pdftex.def Info: 22.V_damage.png  used on input line 1231.
(pdftex.def)             Requested size: 263.11047pt x 196.36372pt.
[43 <./22.Convergence_error.png>] [44 <./22.StressvsStrain_Ansys.png (PNG copy)
> <./22.StressvsStrain_Octave.png (PNG copy)> <./22.d1,d2,d3.png (PNG copy)> <.
/22.V_damage.png (PNG copy)>]
<22.e11vse22e33_ATS.png, id=209, 953.5625pt x 711.65875pt>
File: 22.e11vse22e33_ATS.png Graphic file (type png)
<use 22.e11vse22e33_ATS.png>
Package pdftex.def Info: 22.e11vse22e33_ATS.png  used on input line 1254.
(pdftex.def)             Requested size: 219.25313pt x 163.62376pt.

Overfull \hbox (43.85062pt too wide) in paragraph at lines 1254--1255
 [][] 
 []

<22.e11vse22e33_NT.png, id=210, 953.5625pt x 711.65875pt>
File: 22.e11vse22e33_NT.png Graphic file (type png)
<use 22.e11vse22e33_NT.png>
Package pdftex.def Info: 22.e11vse22e33_NT.png  used on input line 1261.
(pdftex.def)             Requested size: 219.25313pt x 163.62376pt.

Overfull \hbox (43.85062pt too wide) in paragraph at lines 1261--1262
 [][] 
 []


Underfull \hbox (badness 10000) in paragraph at lines 1247--1269

 []

<23.S11vsE11.png, id=211, 953.5625pt x 711.65875pt>
File: 23.S11vsE11.png Graphic file (type png)
<use 23.S11vsE11.png>
Package pdftex.def Info: 23.S11vsE11.png  used on input line 1277.
(pdftex.def)             Requested size: 219.25313pt x 163.62376pt.

Overfull \hbox (43.85062pt too wide) in paragraph at lines 1277--1278
 [][] 
 []

<23.S22vsE22.png, id=212, 953.5625pt x 711.65875pt>
File: 23.S22vsE22.png Graphic file (type png)
<use 23.S22vsE22.png>
Package pdftex.def Info: 23.S22vsE22.png  used on input line 1284.
(pdftex.def)             Requested size: 219.25313pt x 163.62376pt.

Overfull \hbox (43.85062pt too wide) in paragraph at lines 1284--1285
 [][] 
 []

[45 <./22.e11vse22e33_ATS.png (PNG copy)> <./22.e11vse22e33_NT.png (PNG copy)>]
<23.d1.png, id=216, 953.5625pt x 711.65875pt>
File: 23.d1.png Graphic file (type png)
<use 23.d1.png>
Package pdftex.def Info: 23.d1.png  used on input line 1298.
(pdftex.def)             Requested size: 219.25313pt x 163.62376pt.

Overfull \hbox (43.85062pt too wide) in paragraph at lines 1298--1299
 [][] 
 []

<23.d2.png, id=217, 953.5625pt x 711.65875pt>
File: 23.d2.png Graphic file (type png)
<use 23.d2.png>
Package pdftex.def Info: 23.d2.png  used on input line 1305.
(pdftex.def)             Requested size: 219.25313pt x 163.62376pt.

Overfull \hbox (43.85062pt too wide) in paragraph at lines 1305--1306
 [][] 
 []

<24.S11vsE11.png, id=218, 953.5625pt x 711.65875pt>
File: 24.S11vsE11.png Graphic file (type png)
<use 24.S11vsE11.png>
Package pdftex.def Info: 24.S11vsE11.png  used on input line 1323.
(pdftex.def)             Requested size: 164.44405pt x 122.72868pt.

Overfull \hbox (32.88881pt too wide) in paragraph at lines 1323--1324
 [][] 
 []

<24.S22vsE22.png, id=219, 953.5625pt x 711.65875pt>
File: 24.S22vsE22.png Graphic file (type png)
<use 24.S22vsE22.png>
Package pdftex.def Info: 24.S22vsE22.png  used on input line 1330.
(pdftex.def)             Requested size: 164.44405pt x 122.72868pt.

Overfull \hbox (32.88881pt too wide) in paragraph at lines 1330--1331
 [][] 
 []

<24.S33vsE33.png, id=220, 953.5625pt x 711.65875pt>
File: 24.S33vsE33.png Graphic file (type png)
<use 24.S33vsE33.png>
Package pdftex.def Info: 24.S33vsE33.png  used on input line 1337.
(pdftex.def)             Requested size: 164.44405pt x 122.72868pt.

Overfull \hbox (32.88881pt too wide) in paragraph at lines 1337--1338
 [][] 
 []

<24.d1.png, id=221, 953.5625pt x 711.65875pt>
File: 24.d1.png Graphic file (type png)
<use 24.d1.png>
Package pdftex.def Info: 24.d1.png  used on input line 1351.
(pdftex.def)             Requested size: 164.44405pt x 122.72868pt.

Overfull \hbox (32.88881pt too wide) in paragraph at lines 1351--1352
 [][] 
 []

<24.d2.png, id=222, 953.5625pt x 711.65875pt>
File: 24.d2.png Graphic file (type png)
<use 24.d2.png>
Package pdftex.def Info: 24.d2.png  used on input line 1358.
(pdftex.def)             Requested size: 164.44405pt x 122.72868pt.

Overfull \hbox (32.88881pt too wide) in paragraph at lines 1358--1359
 [][] 
 []

File: 24.d2.png Graphic file (type png)
<use 24.d2.png>
Package pdftex.def Info: 24.d2.png  used on input line 1365.
(pdftex.def)             Requested size: 164.44405pt x 122.72868pt.

Overfull \hbox (32.88881pt too wide) in paragraph at lines 1365--1366
 [][] 
 []

[46 <./23.S11vsE11.png (PNG copy)> <./23.S22vsE22.png (PNG copy)> <./23.d1.png 
(PNG copy)> <./23.d2.png (PNG copy)>] [47 <./24.S11vsE11.png (PNG copy)> <./24.
S22vsE22.png (PNG copy)> <./24.S33vsE33.png (PNG copy)> <./24.d1.png (PNG copy)
> <./24.d2.png (PNG copy)>] (Report.aux)

LaTeX Font Warning: Size substitutions with differences
(Font)              up to 4.5pt have occurred.


LaTeX Font Warning: Some font shapes were not available, defaults substituted.


LaTeX Warning: Label(s) may have changed. Rerun to get cross-references right.

 ) 
Here is how much of TeX's memory you used:
 17345 strings out of 479321
 351087 string characters out of 2856583
 718939 words of memory out of 3000000
 34429 multiletter control sequences out of 15000+600000
 417736 words of font info for 84 fonts, out of 8000000 for 9000
 1141 hyphenation exceptions out of 8191
 87i,13n,89p,1606b,758s stack positions out of 5000i,500n,10000p,200000b,80000s
 <C:\Users\aruns\AppData\Local\MiKTeX\fonts/pk/ljfour/jknappen/ec/dpi600\tcrm
1200.pk><C:/Users/aruns/AppData/Local/Programs/MiKTeX/fonts/type1/public/amsfon
ts/cm/cmbx12.pfb><C:/Users/aruns/AppData/Local/Programs/MiKTeX/fonts/type1/publ
ic/amsfonts/cm/cmex10.pfb><C:/Users/aruns/AppData/Local/Programs/MiKTeX/fonts/t
ype1/public/amsfonts/cm/cmmi10.pfb><C:/Users/aruns/AppData/Local/Programs/MiKTe
X/fonts/type1/public/amsfonts/cm/cmmi12.pfb><C:/Users/aruns/AppData/Local/Progr
ams/MiKTeX/fonts/type1/public/amsfonts/cm/cmmi6.pfb><C:/Users/aruns/AppData/Loc
al/Programs/MiKTeX/fonts/type1/public/amsfonts/cm/cmmi7.pfb><C:/Users/aruns/App
Data/Local/Programs/MiKTeX/fonts/type1/public/amsfonts/cm/cmmi8.pfb><C:/Users/a
runs/AppData/Local/Programs/MiKTeX/fonts/type1/public/amsfonts/cm/cmr10.pfb><C:
/Users/aruns/AppData/Local/Programs/MiKTeX/fonts/type1/public/amsfonts/cm/cmr12
.pfb><C:/Users/aruns/AppData/Local/Programs/MiKTeX/fonts/type1/public/amsfonts/
cm/cmr6.pfb><C:/Users/aruns/AppData/Local/Programs/MiKTeX/fonts/type1/public/am
sfonts/cm/cmr7.pfb><C:/Users/aruns/AppData/Local/Programs/MiKTeX/fonts/type1/pu
blic/amsfonts/cm/cmr8.pfb><C:/Users/aruns/AppData/Local/Programs/MiKTeX/fonts/t
ype1/public/amsfonts/cm/cmsy10.pfb><C:/Users/aruns/AppData/Local/Programs/MiKTe
X/fonts/type1/public/amsfonts/cm/cmsy8.pfb><C:/Users/aruns/AppData/Local/Progra
ms/MiKTeX/fonts/type1/public/amsfonts/symbols/msbm10.pfb>
Output written on Report.pdf (47 pages, 2692189 bytes).
PDF statistics:
 283 PDF objects out of 1000 (max. 8388607)
 0 named destinations out of 1000 (max. 500000)
 213 words of extra memory for PDF output out of 10000 (max. 10000000)

